<?xml version="1.0" encoding="UTF-8"?>
<robot generator="Robot 7.0 (Python 3.12.3 on win32)" generated="2024-05-16T11:34:21.381597" rpa="false" schemaversion="5">
<suite id="s1" name="TC1" source="C:\Users\joshua.leow\PycharmProjects\RobotFrameworkDemo\TestCases\TC1.robot">
<test id="s1-t1" name="LoginTest" line="8">
<kw name="Open Browser" owner="SeleniumLibrary">
<msg time="2024-05-16T11:34:21.694089" level="INFO">Opening browser 'chrome' to base url 'https://hotel-booking-website-1.onrender.com/'.</msg>
<arg>https://hotel-booking-website-1.onrender.com/</arg>
<arg>chrome</arg>
<doc>Opens a new browser instance to the optional ``url``.</doc>
<status status="PASS" start="2024-05-16T11:34:21.694089" elapsed="4.858647"/>
</kw>
<kw name="Click Link" owner="SeleniumLibrary">
<msg time="2024-05-16T11:34:26.555742" level="INFO">Clicking link 'xpath://a[normalize-space()='Login']'.</msg>
<arg>xpath://a[normalize-space()='Login']</arg>
<doc>Clicks a link identified by ``locator``.</doc>
<status status="PASS" start="2024-05-16T11:34:26.555576" elapsed="0.319323"/>
</kw>
<kw name="Input Text" owner="SeleniumLibrary">
<msg time="2024-05-16T11:34:26.875902" level="INFO">Typing text 'admin@abc.com' into text field 'id:email'.</msg>
<arg>id:email</arg>
<arg>admin@abc.com</arg>
<doc>Types the given ``text`` into the text field identified by ``locator``.</doc>
<status status="PASS" start="2024-05-16T11:34:26.875902" elapsed="0.138185"/>
</kw>
<kw name="Input Text" owner="SeleniumLibrary">
<msg time="2024-05-16T11:34:27.014087" level="INFO">Typing text '12345' into text field 'id:pwd'.</msg>
<arg>id:pwd</arg>
<arg>12345</arg>
<doc>Types the given ``text`` into the text field identified by ``locator``.</doc>
<status status="PASS" start="2024-05-16T11:34:27.014087" elapsed="0.094790"/>
</kw>
<kw name="Click Element" owner="SeleniumLibrary">
<msg time="2024-05-16T11:34:27.108877" level="INFO">Clicking element 'xpath://button[@value='Submit']'.</msg>
<arg>xpath://button[@value='Submit']</arg>
<doc>Click the element identified by ``locator``.</doc>
<status status="PASS" start="2024-05-16T11:34:27.108877" elapsed="2.028053"/>
</kw>
<kw name="Title Should Be" owner="SeleniumLibrary">
<msg time="2024-05-16T11:34:29.374585" level="INFO" html="true">&lt;/td&gt;&lt;/tr&gt;&lt;tr&gt;&lt;td colspan="3"&gt;&lt;a href="selenium-screenshot-3.png"&gt;&lt;img src="selenium-screenshot-3.png" width="800px"&gt;&lt;/a&gt;</msg>
<msg time="2024-05-16T11:34:29.374585" level="FAIL">Title should have been 'upload' but was 'Upload'.</msg>
<arg>upload</arg>
<doc>Verifies that the current page title equals ``title``.</doc>
<status status="FAIL" start="2024-05-16T11:34:29.138859" elapsed="0.238733">Title should have been 'upload' but was 'Upload'.</status>
</kw>
<kw name="Close Browser" owner="SeleniumLibrary">
<doc>Closes the current browser.</doc>
<status status="NOT RUN" start="2024-05-16T11:34:29.378590" elapsed="0.000000"/>
</kw>
<status status="FAIL" start="2024-05-16T11:34:21.694089" elapsed="7.684501">Title should have been 'upload' but was 'Upload'.</status>
</test>
<status status="FAIL" start="2024-05-16T11:34:21.381597" elapsed="7.997987"/>
</suite>
<statistics>
<total>
<stat pass="0" fail="1" skip="0">All Tests</stat>
</total>
<tag>
</tag>
<suite>
<stat pass="0" fail="1" skip="0" id="s1" name="TC1">TC1</stat>
</suite>
</statistics>
<errors>
</errors>
</robot>
